{
  "stats": {
    "suites": 1,
    "tests": 3,
    "passes": 3,
    "pending": 0,
    "failures": 0,
    "start": "2022-10-11T11:36:42.476Z",
    "end": "2022-10-11T11:36:50.915Z",
    "duration": 8439,
    "testsRegistered": 3,
    "passPercent": 100,
    "pendingPercent": 0,
    "other": 0,
    "hasOther": false,
    "skipped": 0,
    "hasSkipped": false
  },
  "results": [
    {
      "uuid": "36eadf7d-23b7-48b6-b03c-31710ab60fa2",
      "title": "",
      "fullFile": "cypress\\e2e\\UiTestingPlaygroundWebspec.cy.ts",
      "file": "cypress\\e2e\\UiTestingPlaygroundWebspec.cy.ts",
      "beforeHooks": [],
      "afterHooks": [],
      "tests": [],
      "suites": [
        {
          "uuid": "c5384dbd-cadf-4092-9d7c-c4863dc44055",
          "title": "UI Test Automation Playground",
          "fullFile": "",
          "file": "",
          "beforeHooks": [],
          "afterHooks": [],
          "tests": [
            {
              "title": "Validate Dynamic ID",
              "fullTitle": "UI Test Automation Playground Validate Dynamic ID",
              "timedOut": null,
              "duration": 2477,
              "state": "passed",
              "speed": "fast",
              "pass": true,
              "fail": false,
              "pending": false,
              "context": null,
              "code": "dynamicIdPage.navigateToDynamicIdPage();\ndynamicIdPage.verifyPageAfterButtonClick();",
              "err": {},
              "uuid": "05f588c2-004d-483e-ae0d-05bfd80035ad",
              "parentUUID": "c5384dbd-cadf-4092-9d7c-c4863dc44055",
              "isHook": false,
              "skipped": false
            },
            {
              "title": "Validate Verify Text",
              "fullTitle": "UI Test Automation Playground Validate Verify Text",
              "timedOut": null,
              "duration": 805,
              "state": "passed",
              "speed": "fast",
              "pass": true,
              "fail": false,
              "pending": false,
              "context": null,
              "code": "verifyTextPage.navigateToVerifyTextPage();\nverifyTextPage.verifyPageAfterButtonClick();",
              "err": {},
              "uuid": "0bd8ec32-eab7-4234-9735-ac5176808000",
              "parentUUID": "c5384dbd-cadf-4092-9d7c-c4863dc44055",
              "isHook": false,
              "skipped": false
            },
            {
              "title": "Validate Sample App",
              "fullTitle": "UI Test Automation Playground Validate Sample App",
              "timedOut": null,
              "duration": 1306,
              "state": "passed",
              "speed": "fast",
              "pass": true,
              "fail": false,
              "pending": false,
              "context": null,
              "code": "sampleAppPage.navigateToSampleAppPage();\nsampleAppPage.verifyPageAfterButtonClick();",
              "err": {},
              "uuid": "654bb7c9-751a-4446-b004-f87ac131ae34",
              "parentUUID": "c5384dbd-cadf-4092-9d7c-c4863dc44055",
              "isHook": false,
              "skipped": false
            }
          ],
          "suites": [],
          "passes": [
            "05f588c2-004d-483e-ae0d-05bfd80035ad",
            "0bd8ec32-eab7-4234-9735-ac5176808000",
            "654bb7c9-751a-4446-b004-f87ac131ae34"
          ],
          "failures": [],
          "pending": [],
          "skipped": [],
          "duration": 4588,
          "root": false,
          "rootEmpty": false,
          "_timeout": 2000
        }
      ],
      "passes": [],
      "failures": [],
      "pending": [],
      "skipped": [],
      "duration": 0,
      "root": true,
      "rootEmpty": true,
      "_timeout": 2000
    }
  ],
  "meta": {
    "mocha": {
      "version": "7.0.1"
    },
    "mochawesome": {
      "options": {
        "quiet": false,
        "reportFilename": "mochawesome",
        "saveHtml": false,
        "saveJson": true,
        "consoleReporter": "spec",
        "useInlineDiffs": false,
        "code": true
      },
      "version": "7.1.3"
    },
    "marge": {
      "options": {
        "charts": true,
        "overwrite": false,
        "html": false,
        "json": true,
        "reportDir": "cypress/report/mochawesome-report"
      },
      "version": "6.2.0"
    }
  }
}